<?xml version="1.0" encoding="UTF-8"?>
<testsuite name="ru.netology.service.CashbackHackServiceTest" tests="1" skipped="0" failures="0" errors="0" timestamp="2023-11-01T03:39:02" hostname="MacBook-Air.local" time="0.007">
  <properties/>
  <testcase name="remain1000" classname="ru.netology.service.CashbackHackServiceTest" time="0.007"/>
  <system-out><![CDATA[]]></system-out>
  <system-err><![CDATA[]]></system-err>
</testsuite>
