<?xml version="1.0" encoding="UTF-8"?>
<testsuite name="ru.netology.service.CashbackHackServiceTest" tests="2" skipped="0" failures="0" errors="0" timestamp="2023-11-01T04:07:12" hostname="MacBook-Air.local" time="0.005">
  <properties/>
  <testcase name="remain600" classname="ru.netology.service.CashbackHackServiceTest" time="0.004"/>
  <testcase name="remain999" classname="ru.netology.service.CashbackHackServiceTest" time="0.0"/>
  <system-out><![CDATA[]]></system-out>
  <system-err><![CDATA[]]></system-err>
</testsuite>
